<?xml version="1.0" encoding="UTF-8"?>
<!-- Generated by org.testng.reporters.JUnitXMLReporter -->
<testsuite ignored="2" hostname="LAPTOP-GMS59UUI" failures="0" tests="13" name="Default test" time="0.307" errors="0" timestamp="2021-10-04T10:06:20 IST">
  <testcase classname="onewaytrip.Base" name="@BeforeTest beforeTest" time="-1.633322180552E9">
    <failure type="org.testng.TestNGException" message="
Parameter &amp;apos;browser&amp;apos; is required by BeforeTest on method beforeTest but has not been marked @Optional or defined
in C:\Users\kapee\AppData\Local\Temp\testng-eclipse--355038131\testng-customsuite.xml">
      <![CDATA[org.testng.TestNGException: 
Parameter 'browser' is required by BeforeTest on method beforeTest but has not been marked @Optional or defined
in C:\Users\kapee\AppData\Local\Temp\testng-eclipse--355038131\testng-customsuite.xml
at org.testng.internal.Parameters.createParams(Parameters.java:270)
at org.testng.internal.Parameters.createParametersForMethod(Parameters.java:358)
at org.testng.internal.Parameters.createParameters(Parameters.java:700)
at org.testng.internal.Parameters.createConfigurationParameters(Parameters.java:168)
at org.testng.internal.ConfigInvoker.invokeConfigurations(ConfigInvoker.java:302)
at org.testng.TestRunner.invokeTestConfigurations(TestRunner.java:637)
at org.testng.TestRunner.beforeRun(TestRunner.java:627)
at org.testng.TestRunner.run(TestRunner.java:589)
at org.testng.SuiteRunner.runTest(SuiteRunner.java:377)
at org.testng.SuiteRunner.runSequentially(SuiteRunner.java:371)
at org.testng.SuiteRunner.privateRun(SuiteRunner.java:332)
at org.testng.SuiteRunner.run(SuiteRunner.java:276)
at org.testng.SuiteRunnerWorker.runSuite(SuiteRunnerWorker.java:53)
at org.testng.SuiteRunnerWorker.run(SuiteRunnerWorker.java:96)
at org.testng.TestNG.runSuitesSequentially(TestNG.java:1212)
at org.testng.TestNG.runSuitesLocally(TestNG.java:1134)
at org.testng.TestNG.runSuites(TestNG.java:1063)
at org.testng.TestNG.run(TestNG.java:1031)
at org.testng.remote.AbstractRemoteTestNG.run(AbstractRemoteTestNG.java:115)
at org.testng.remote.RemoteTestNG.initAndRun(RemoteTestNG.java:251)
at org.testng.remote.RemoteTestNG.main(RemoteTestNG.java:77)
]]>
    </failure>
  </testcase> <!-- @BeforeTest beforeTest -->
  <testcase classname="onewaytrip.Base" name="@AfterTest afterTest" time="-1.633322180853E9">
    <skipped/>
  </testcase> <!-- @AfterTest afterTest -->
  <testcase classname="onewaytrip.Runner" name="testCase1" time="0.0">
    <skipped/>
  </testcase> <!-- testCase1 -->
  <testcase classname="onewaytrip.Runner" name="testCase2" time="0.0">
    <skipped/>
  </testcase> <!-- testCase2 -->
  <testcase classname="onewaytrip.Runner" name="booking" time="0.0">
    <skipped/>
  </testcase> <!-- booking -->
  <testcase classname="onewaytrip.Runner" name="testCase4" time="0.0">
    <skipped/>
  </testcase> <!-- testCase4 -->
  <testcase classname="onewaytrip.Runner" name="testCase5" time="0.0">
    <skipped/>
  </testcase> <!-- testCase5 -->
  <testcase classname="onewaytrip.Runner" name="testCase6" time="0.0">
    <skipped/>
  </testcase> <!-- testCase6 -->
  <testcase classname="onewaytrip.Runner" name="testCase7" time="0.0">
    <skipped/>
  </testcase> <!-- testCase7 -->
  <testcase classname="onewaytrip.Runner" name="testCase8" time="0.0">
    <skipped/>
  </testcase> <!-- testCase8 -->
  <testcase classname="onewaytrip.Runner" name="testCase11" time="0.0">
    <skipped/>
  </testcase> <!-- testCase11 -->
  <testcase classname="onewaytrip.Runner" name="testCase14" time="0.0">
    <skipped/>
  </testcase> <!-- testCase14 -->
  <testcase classname="onewaytrip.Runner" name="testCase12" time="0.0">
    <skipped/>
  </testcase> <!-- testCase12 -->
  <testcase classname="onewaytrip.Runner" name="testCase13" time="0.0">
    <skipped/>
  </testcase> <!-- testCase13 -->
  <testcase classname="onewaytrip.Runner" name="testCase10" time="0.0">
    <skipped/>
  </testcase> <!-- testCase10 -->
  <testcase classname="onewaytrip.Runner" name="testCase15" time="0.0">
    <ignored/>
  </testcase> <!-- testCase15 -->
  <testcase classname="onewaytrip.Runner" name="testCase9" time="0.0">
    <ignored/>
  </testcase> <!-- testCase9 -->
</testsuite> <!-- Default test -->
